<?xml version="1.0" encoding="UTF-8"?>
<!-- Generated by org.testng.reporters.JUnitXMLReporter -->
<testsuite ignored="0" hostname="seleniuminstance1-0" failures="1" tests="3" name="Surefire test" time="43.286" errors="0" timestamp="2023-09-01T10:07:34 UTC">
  <testcase classname="runner.Testcase1" name="Tc001" time="20.63"/>
  <testcase classname="runner.Testcase1" name="Tc002" time="3.632"/>
  <testcase classname="runner.Testcase1" name="Tc003" time="3.72">
    <failure type="java.lang.AssertionError" message="Page URL doesn&amp;apos;t contain both &amp;apos;Bangalore&amp;apos; and &amp;apos;Coimbatore&amp;apos; keywords expected [true] but found [false]">
      <![CDATA[java.lang.AssertionError: Page URL doesn't contain both 'Bangalore' and 'Coimbatore' keywords expected [true] but found [false]
at runner.Testcase1.Tc003(Testcase1.java:174)
at java.base/java.util.ArrayList.forEach(ArrayList.java:1541)
... Removed 35 stack frames]]>
    </failure>
  </testcase> <!-- Tc003 -->
</testsuite> <!-- Surefire test -->
