-------------------------------------------------------------------------------
Test set: runner.Testcase1
-------------------------------------------------------------------------------
Tests run: 3, Failures: 1, Errors: 0, Skipped: 0, Time elapsed: 31.722 s <<< FAILURE! - in runner.Testcase1
Tc003(runner.Testcase1)  Time elapsed: 4.035 s  <<< FAILURE!
java.lang.AssertionError: Page URL doesn't contain both 'Bangalore' and 'Coimbatore' keywords expected [true] but found [false]
	at runner.Testcase1.Tc003(Testcase1.java:172)

